[2026-06-10 10:19:21,252] 1025httpx - INFO - HTTP Request: GET https://dagshub.com/api/v1/user "HTTP/1.1 200 OK"
[2026-06-10 10:19:21,296] 107dagshub - INFO - Accessing as saeesawant0102
[2026-06-10 10:19:22,585] 1025httpx - INFO - HTTP Request: GET https://dagshub.com/api/v1/repos/saeesawant0102/networksecurity "HTTP/1.1 200 OK"
[2026-06-10 10:19:23,712] 1025httpx - INFO - HTTP Request: GET https://dagshub.com/api/v1/user "HTTP/1.1 200 OK"
[2026-06-10 10:19:23,716] 107dagshub - INFO - Initialized MLflow to track repo "saeesawant0102/networksecurity"
[2026-06-10 10:19:23,716] 107dagshub - INFO - Repository saeesawant0102/networksecurity initialized!
[2026-06-10 10:19:23,718] 18root - INFO - Initiate the data ingestion
[2026-06-10 10:19:27,926] 70root - INFO - Performed train test split on the dataframe
[2026-06-10 10:19:27,926] 71root - INFO - Exited split_data_as_train_test method of Data_Ingestion class
[2026-06-10 10:19:27,926] 77root - INFO - Exporting train and test file path.
[2026-06-10 10:19:28,033] 85root - INFO - Exported train and test file path.
[2026-06-10 10:19:28,033] 20root - INFO - Data Initiation Completed
[2026-06-10 10:19:28,051] 24root - INFO - Initiate the data Validation
[2026-06-10 10:19:28,171] 31root - INFO - Required number of columns:2
[2026-06-10 10:19:28,171] 32root - INFO - Data frame has columns:31
[2026-06-10 10:19:28,171] 31root - INFO - Required number of columns:2
[2026-06-10 10:19:28,171] 32root - INFO - Data frame has columns:31
[2026-06-10 10:19:28,462] 26root - INFO - data Validation Completed
[2026-06-10 10:19:28,462] 29root - INFO - data Transformation started
[2026-06-10 10:19:28,466] 63root - INFO - Entered initiate_data_transformation method of DataTransformation class
[2026-06-10 10:19:28,466] 65root - INFO - Starting data transformation
[2026-06-10 10:19:28,506] 48root - INFO - Entered get_data_transformer_object method of Transformation class
[2026-06-10 10:19:28,506] 53root - INFO - Initialise KNNImputer with {'missing_values': nan, 'n_neighbors': 3, 'weights': 'uniform'}
[2026-06-10 10:19:28,534] 46root - INFO - Entered the save_object method of MainUtils class
[2026-06-10 10:19:28,543] 50root - INFO - Exited the save_object method of MainUtils class
[2026-06-10 10:19:28,543] 46root - INFO - Entered the save_object method of MainUtils class
[2026-06-10 10:19:28,550] 50root - INFO - Exited the save_object method of MainUtils class
[2026-06-10 10:19:28,552] 33root - INFO - data Transformation completed
[2026-06-10 10:19:28,552] 34root - INFO - Model Training started
[2026-06-10 10:27:03,735] 46root - INFO - Entered the save_object method of MainUtils class
[2026-06-10 10:27:03,746] 50root - INFO - Exited the save_object method of MainUtils class
[2026-06-10 10:27:03,746] 46root - INFO - Entered the save_object method of MainUtils class
[2026-06-10 10:27:03,758] 50root - INFO - Exited the save_object method of MainUtils class
[2026-06-10 10:27:03,758] 143root - INFO - Model trainer artifact: ModelTrainerArtifact(trained_model_file_path='Artifacts\\06_10_2026_10_19_10\\model_trainer\\trained_model\\model.pkl', train_metric_artifact=ClassificationMetricArtifact(f1_score=0.9912430800201308, precision_score=0.9891522699879469, recall_score=0.9933427476296147), test_metric_artifact=ClassificationMetricArtifact(f1_score=0.9722337339411521, precision_score=0.9670239076669415, recall_score=0.9775))
[2026-06-10 10:27:03,760] 39root - INFO - Model Training artifact created
