[2026-06-10 10:04:51,451] 1025httpx - INFO - HTTP Request: GET https://dagshub.com/api/v1/user "HTTP/1.1 200 OK"
[2026-06-10 10:04:51,487] 107dagshub - INFO - Accessing as saeesawant0102
[2026-06-10 10:04:52,675] 1025httpx - INFO - HTTP Request: GET https://dagshub.com/api/v1/repos/saeesawant0102/networksecurity "HTTP/1.1 200 OK"
[2026-06-10 10:04:53,793] 1025httpx - INFO - HTTP Request: GET https://dagshub.com/api/v1/user "HTTP/1.1 200 OK"
[2026-06-10 10:04:53,793] 107dagshub - INFO - Initialized MLflow to track repo "saeesawant0102/networksecurity"
[2026-06-10 10:04:53,793] 107dagshub - INFO - Repository saeesawant0102/networksecurity initialized!
[2026-06-10 10:04:53,801] 18root - INFO - Initiate the data ingestion
[2026-06-10 10:04:57,606] 70root - INFO - Performed train test split on the dataframe
[2026-06-10 10:04:57,606] 71root - INFO - Exited split_data_as_train_test method of Data_Ingestion class
[2026-06-10 10:04:57,608] 77root - INFO - Exporting train and test file path.
[2026-06-10 10:04:57,725] 85root - INFO - Exported train and test file path.
[2026-06-10 10:04:57,725] 20root - INFO - Data Initiation Completed
[2026-06-10 10:04:57,745] 24root - INFO - Initiate the data Validation
[2026-06-10 10:04:57,853] 31root - INFO - Required number of columns:2
[2026-06-10 10:04:57,853] 32root - INFO - Data frame has columns:31
[2026-06-10 10:04:57,853] 31root - INFO - Required number of columns:2
[2026-06-10 10:04:57,853] 32root - INFO - Data frame has columns:31
[2026-06-10 10:04:58,187] 26root - INFO - data Validation Completed
[2026-06-10 10:04:58,187] 29root - INFO - data Transformation started
[2026-06-10 10:04:58,187] 63root - INFO - Entered initiate_data_transformation method of DataTransformation class
[2026-06-10 10:04:58,187] 65root - INFO - Starting data transformation
[2026-06-10 10:04:58,229] 48root - INFO - Entered get_data_transformer_object method of Transformation class
[2026-06-10 10:04:58,233] 53root - INFO - Initialise KNNImputer with {'missing_values': nan, 'n_neighbors': 3, 'weights': 'uniform'}
[2026-06-10 10:04:58,261] 46root - INFO - Entered the save_object method of MainUtils class
[2026-06-10 10:04:58,269] 50root - INFO - Exited the save_object method of MainUtils class
[2026-06-10 10:04:58,269] 46root - INFO - Entered the save_object method of MainUtils class
[2026-06-10 10:04:58,272] 50root - INFO - Exited the save_object method of MainUtils class
[2026-06-10 10:04:58,274] 33root - INFO - data Transformation completed
[2026-06-10 10:04:58,274] 34root - INFO - Model Training started
